<?xml version="1.0" encoding="UTF-8"?>
<testsuite name="runner.TestRunnerNew" time="0.018" tests="5" errors="2" skipped="2" failures="0">
  <properties>
[...]
</properties>
  <testcase name="Given Open Chrome and start application" classname="| abc@gmail.com | password1 |" time="0.001"/>
  <testcase name="When I enter valid &quot;abc@gmail.com&quot; and valid &quot;password&quot;" classname="| abc@gmail.com | password1 |" time="0.008">
    <error message="no such element: Unable to locate element: {&quot;method&quot;:&quot;id&quot;,&quot;selector&quot;:&quot;username&quot;}&#10;  (Session info: chrome=71.0.3578.98)&#10;  (Driver info: chromedriver=2.42.591059 (a3d9684d10d61aa0c45f6723b327283be1ebaad8),platform=Mac OS X 10.14.1 x86_64) (WARNING: The server did not provide any stacktrace information)&#10;Command duration or timeout: 24 milliseconds&#10;For documentation on this error, please visit: http://seleniumhq.org/exceptions/no_such_element.html&#10;Build info: version: &apos;2.53.0&apos;, revision: &apos;35ae25b1534ae328c771e0856c93e187490ca824&apos;, time: &apos;2016-03-15 10:43:46&apos;&#10;System info: host: &apos;Asmaas-MacBook-Pro.local&apos;, ip: &apos;192.168.1.41&apos;, os.name: &apos;Mac OS X&apos;, os.arch: &apos;x86_64&apos;, os.version: &apos;10.14.1&apos;, java.version: &apos;1.8.0_181&apos;&#10;Driver info: org.openqa.selenium.chrome.ChromeDriver&#10;Capabilities [{mobileEmulationEnabled=false, hasTouchScreen=false, platform=MAC, acceptSslCerts=false, goog:chromeOptions={debuggerAddress=localhost:51622}, acceptInsecureCerts=false, webStorageEnabled=true, browserName=chrome, takesScreenshot=true, javascriptEnabled=true, setWindowRect=true, unexpectedAlertBehaviour=, applicationCacheEnabled=false, rotatable=false, networkConnectionEnabled=false, chrome={chromedriverVersion=2.42.591059 (a3d9684d10d61aa0c45f6723b327283be1ebaad8), userDataDir=/var/folders/kc/53v59ylx5vx26028lrj5vs1m0000gn/T/.org.chromium.Chromium.9Qp16w}, takesHeapSnapshot=true, pageLoadStrategy=normal, databaseEnabled=false, handlesAlerts=true, version=71.0.3578.98, browserConnectionEnabled=false, nativeEvents=true, locationContextEnabled=true, cssSelectorsEnabled=true}]&#10;Session ID: 071cdb0c91d5a368e64af3232df7f213&#10;*** Element info: {Using=id, value=username}" type="org.openqa.selenium.NoSuchElementException">org.openqa.selenium.NoSuchElementException: no such element: Unable to locate element: {"method":"id","selector":"username"}
  (Session info: chrome=71.0.3578.98)
  (Driver info: chromedriver=2.42.591059 (a3d9684d10d61aa0c45f6723b327283be1ebaad8),platform=Mac OS X 10.14.1 x86_64) (WARNING: The server did not provide any stacktrace information)
Command duration or timeout: 24 milliseconds
For documentation on this error, please visit: http://seleniumhq.org/exceptions/no_such_element.html
Build info: version: '2.53.0', revision: '35ae25b1534ae328c771e0856c93e187490ca824', time: '2016-03-15 10:43:46'
System info: host: 'Asmaas-MacBook-Pro.local', ip: '192.168.1.41', os.name: 'Mac OS X', os.arch: 'x86_64', os.version: '10.14.1', java.version: '1.8.0_181'
Driver info: org.openqa.selenium.chrome.ChromeDriver
Capabilities [{mobileEmulationEnabled=false, hasTouchScreen=false, platform=MAC, acceptSslCerts=false, goog:chromeOptions={debuggerAddress=localhost:51622}, acceptInsecureCerts=false, webStorageEnabled=true, browserName=chrome, takesScreenshot=true, javascriptEnabled=true, setWindowRect=true, unexpectedAlertBehaviour=, applicationCacheEnabled=false, rotatable=false, networkConnectionEnabled=false, chrome={chromedriverVersion=2.42.591059 (a3d9684d10d61aa0c45f6723b327283be1ebaad8), userDataDir=/var/folders/kc/53v59ylx5vx26028lrj5vs1m0000gn/T/.org.chromium.Chromium.9Qp16w}, takesHeapSnapshot=true, pageLoadStrategy=normal, databaseEnabled=false, handlesAlerts=true, version=71.0.3578.98, browserConnectionEnabled=false, nativeEvents=true, locationContextEnabled=true, cssSelectorsEnabled=true}]
Session ID: 071cdb0c91d5a368e64af3232df7f213
*** Element info: {Using=id, value=username}
	at sun.reflect.NativeConstructorAccessorImpl.newInstance0(Native Method)
	at sun.reflect.NativeConstructorAccessorImpl.newInstance(NativeConstructorAccessorImpl.java:62)
	at sun.reflect.DelegatingConstructorAccessorImpl.newInstance(DelegatingConstructorAccessorImpl.java:45)
	at java.lang.reflect.Constructor.newInstance(Constructor.java:423)
	at org.openqa.selenium.remote.ErrorHandler.createThrowable(ErrorHandler.java:206)
	at org.openqa.selenium.remote.ErrorHandler.throwIfResponseFailed(ErrorHandler.java:158)
	at org.openqa.selenium.remote.RemoteWebDriver.execute(RemoteWebDriver.java:678)
	at org.openqa.selenium.remote.RemoteWebDriver.findElement(RemoteWebDriver.java:363)
	at org.openqa.selenium.remote.RemoteWebDriver.findElementById(RemoteWebDriver.java:413)
	at org.openqa.selenium.By$ById.findElement(By.java:218)
	at org.openqa.selenium.remote.RemoteWebDriver.findElement(RemoteWebDriver.java:355)
	at stepDefinition.smokeTest.i_enter_valid_and_valid(smokeTest.java:25)
	at ✽.When I enter valid "abc@gmail.com" and valid "password"(Test.feature:5)
</error>
  </testcase>
  <testcase name="| abc@gmail.com | password1 |" classname="| abc@gmail.com | password1 |" time="0.009">
    <error message="no such element: Unable to locate element: {&quot;method&quot;:&quot;id&quot;,&quot;selector&quot;:&quot;username&quot;}&#10;  (Session info: chrome=71.0.3578.98)&#10;  (Driver info: chromedriver=2.42.591059 (a3d9684d10d61aa0c45f6723b327283be1ebaad8),platform=Mac OS X 10.14.1 x86_64) (WARNING: The server did not provide any stacktrace information)&#10;Command duration or timeout: 24 milliseconds&#10;For documentation on this error, please visit: http://seleniumhq.org/exceptions/no_such_element.html&#10;Build info: version: &apos;2.53.0&apos;, revision: &apos;35ae25b1534ae328c771e0856c93e187490ca824&apos;, time: &apos;2016-03-15 10:43:46&apos;&#10;System info: host: &apos;Asmaas-MacBook-Pro.local&apos;, ip: &apos;192.168.1.41&apos;, os.name: &apos;Mac OS X&apos;, os.arch: &apos;x86_64&apos;, os.version: &apos;10.14.1&apos;, java.version: &apos;1.8.0_181&apos;&#10;Driver info: org.openqa.selenium.chrome.ChromeDriver&#10;Capabilities [{mobileEmulationEnabled=false, hasTouchScreen=false, platform=MAC, acceptSslCerts=false, goog:chromeOptions={debuggerAddress=localhost:51622}, acceptInsecureCerts=false, webStorageEnabled=true, browserName=chrome, takesScreenshot=true, javascriptEnabled=true, setWindowRect=true, unexpectedAlertBehaviour=, applicationCacheEnabled=false, rotatable=false, networkConnectionEnabled=false, chrome={chromedriverVersion=2.42.591059 (a3d9684d10d61aa0c45f6723b327283be1ebaad8), userDataDir=/var/folders/kc/53v59ylx5vx26028lrj5vs1m0000gn/T/.org.chromium.Chromium.9Qp16w}, takesHeapSnapshot=true, pageLoadStrategy=normal, databaseEnabled=false, handlesAlerts=true, version=71.0.3578.98, browserConnectionEnabled=false, nativeEvents=true, locationContextEnabled=true, cssSelectorsEnabled=true}]&#10;Session ID: 071cdb0c91d5a368e64af3232df7f213&#10;*** Element info: {Using=id, value=username}" type="org.openqa.selenium.NoSuchElementException">org.openqa.selenium.NoSuchElementException: no such element: Unable to locate element: {"method":"id","selector":"username"}
  (Session info: chrome=71.0.3578.98)
  (Driver info: chromedriver=2.42.591059 (a3d9684d10d61aa0c45f6723b327283be1ebaad8),platform=Mac OS X 10.14.1 x86_64) (WARNING: The server did not provide any stacktrace information)
Command duration or timeout: 24 milliseconds
For documentation on this error, please visit: http://seleniumhq.org/exceptions/no_such_element.html
Build info: version: '2.53.0', revision: '35ae25b1534ae328c771e0856c93e187490ca824', time: '2016-03-15 10:43:46'
System info: host: 'Asmaas-MacBook-Pro.local', ip: '192.168.1.41', os.name: 'Mac OS X', os.arch: 'x86_64', os.version: '10.14.1', java.version: '1.8.0_181'
Driver info: org.openqa.selenium.chrome.ChromeDriver
Capabilities [{mobileEmulationEnabled=false, hasTouchScreen=false, platform=MAC, acceptSslCerts=false, goog:chromeOptions={debuggerAddress=localhost:51622}, acceptInsecureCerts=false, webStorageEnabled=true, browserName=chrome, takesScreenshot=true, javascriptEnabled=true, setWindowRect=true, unexpectedAlertBehaviour=, applicationCacheEnabled=false, rotatable=false, networkConnectionEnabled=false, chrome={chromedriverVersion=2.42.591059 (a3d9684d10d61aa0c45f6723b327283be1ebaad8), userDataDir=/var/folders/kc/53v59ylx5vx26028lrj5vs1m0000gn/T/.org.chromium.Chromium.9Qp16w}, takesHeapSnapshot=true, pageLoadStrategy=normal, databaseEnabled=false, handlesAlerts=true, version=71.0.3578.98, browserConnectionEnabled=false, nativeEvents=true, locationContextEnabled=true, cssSelectorsEnabled=true}]
Session ID: 071cdb0c91d5a368e64af3232df7f213
*** Element info: {Using=id, value=username}
	at sun.reflect.NativeConstructorAccessorImpl.newInstance0(Native Method)
	at sun.reflect.NativeConstructorAccessorImpl.newInstance(NativeConstructorAccessorImpl.java:62)
	at sun.reflect.DelegatingConstructorAccessorImpl.newInstance(DelegatingConstructorAccessorImpl.java:45)
	at java.lang.reflect.Constructor.newInstance(Constructor.java:423)
	at org.openqa.selenium.remote.ErrorHandler.createThrowable(ErrorHandler.java:206)
	at org.openqa.selenium.remote.ErrorHandler.throwIfResponseFailed(ErrorHandler.java:158)
	at org.openqa.selenium.remote.RemoteWebDriver.execute(RemoteWebDriver.java:678)
	at org.openqa.selenium.remote.RemoteWebDriver.findElement(RemoteWebDriver.java:363)
	at org.openqa.selenium.remote.RemoteWebDriver.findElementById(RemoteWebDriver.java:413)
	at org.openqa.selenium.By$ById.findElement(By.java:218)
	at org.openqa.selenium.remote.RemoteWebDriver.findElement(RemoteWebDriver.java:355)
	at stepDefinition.smokeTest.i_enter_valid_and_valid(smokeTest.java:25)
	at ✽.When I enter valid "abc@gmail.com" and valid "password"(Test.feature:5)
</error>
  </testcase>
  <testcase name="Then user should be able to login successfully" classname="| abc@gmail.com | password1 |" time="0">
    <skipped/>
  </testcase>
  <testcase name="Then application should be closed" classname="| abc@gmail.com | password1 |" time="0">
    <skipped/>
  </testcase>
</testsuite>